2014-01-30 12:05:57,671 [Worker-5] WARN  o.e.m.c.internal.embedder.MavenImpl - Failed to decrypt password for server nexus: org.sonatype.plexus.components.sec.dispatcher.SecDispatcherException: java.io.FileNotFoundException: /home/matt/.m2/settings-security.xml (No such file or directory)
org.sonatype.plexus.components.sec.dispatcher.SecDispatcherException: org.sonatype.plexus.components.sec.dispatcher.SecDispatcherException: java.io.FileNotFoundException: /home/matt/.m2/settings-security.xml (No such file or directory)
	at org.sonatype.plexus.components.sec.dispatcher.DefaultSecDispatcher.decrypt(DefaultSecDispatcher.java:121) ~[plexus-sec-dispatcher-1.3.jar:na]
	at org.apache.maven.settings.crypto.DefaultSettingsDecrypter.decrypt(DefaultSettingsDecrypter.java:106) ~[maven-settings-builder-3.0.4.jar:3.0.4]
	at org.apache.maven.settings.crypto.DefaultSettingsDecrypter.decrypt(DefaultSettingsDecrypter.java:62) ~[maven-settings-builder-3.0.4.jar:3.0.4]
	at org.eclipse.m2e.core.internal.embedder.MavenImpl.decryptPassword(MavenImpl.java:532) ~[org.eclipse.m2e.core_1.4.0.20130601-0317.jar:na]
	at org.eclipse.m2e.core.internal.repository.RepositoryRegistry.getAuthenticationInfo(RepositoryRegistry.java:214) [org.eclipse.m2e.core_1.4.0.20130601-0317.jar:na]
	at org.eclipse.m2e.core.internal.repository.RepositoryRegistry.updateRegistry(RepositoryRegistry.java:245) [org.eclipse.m2e.core_1.4.0.20130601-0317.jar:na]
	at org.eclipse.m2e.core.internal.repository.RepositoryRegistryUpdateJob.run(RepositoryRegistryUpdateJob.java:47) [org.eclipse.m2e.core_1.4.0.20130601-0317.jar:na]
	at org.eclipse.core.internal.jobs.Worker.run(Worker.java:53) [org.eclipse.core.jobs_3.5.300.v20130429-1813.jar:na]
Caused by: org.sonatype.plexus.components.sec.dispatcher.SecDispatcherException: java.io.FileNotFoundException: /home/matt/.m2/settings-security.xml (No such file or directory)
	at org.sonatype.plexus.components.sec.dispatcher.SecUtil.read(SecUtil.java:69) ~[plexus-sec-dispatcher-1.3.jar:na]
	at org.sonatype.plexus.components.sec.dispatcher.DefaultSecDispatcher.getSec(DefaultSecDispatcher.java:206) ~[plexus-sec-dispatcher-1.3.jar:na]
	at org.sonatype.plexus.components.sec.dispatcher.DefaultSecDispatcher.decrypt(DefaultSecDispatcher.java:90) ~[plexus-sec-dispatcher-1.3.jar:na]
	... 7 common frames omitted
Caused by: java.io.FileNotFoundException: /home/matt/.m2/settings-security.xml (No such file or directory)
	at java.io.FileInputStream.open(Native Method) ~[na:1.7.0_51]
	at java.io.FileInputStream.<init>(FileInputStream.java:146) ~[na:1.7.0_51]
	at org.sonatype.plexus.components.sec.dispatcher.SecUtil.toStream(SecUtil.java:100) ~[plexus-sec-dispatcher-1.3.jar:na]
	at org.sonatype.plexus.components.sec.dispatcher.SecUtil.read(SecUtil.java:56) ~[plexus-sec-dispatcher-1.3.jar:na]
	... 9 common frames omitted
2014-01-30 12:13:17,869 [Worker-1] WARN  o.e.m.c.internal.embedder.MavenImpl - Failed to decrypt password for server nexus: org.sonatype.plexus.components.sec.dispatcher.SecDispatcherException: java.io.FileNotFoundException: /home/matt/.m2/settings-security.xml (No such file or directory)
org.sonatype.plexus.components.sec.dispatcher.SecDispatcherException: org.sonatype.plexus.components.sec.dispatcher.SecDispatcherException: java.io.FileNotFoundException: /home/matt/.m2/settings-security.xml (No such file or directory)
	at org.sonatype.plexus.components.sec.dispatcher.DefaultSecDispatcher.decrypt(DefaultSecDispatcher.java:121) ~[plexus-sec-dispatcher-1.3.jar:na]
	at org.apache.maven.settings.crypto.DefaultSettingsDecrypter.decrypt(DefaultSettingsDecrypter.java:106) ~[maven-settings-builder-3.0.4.jar:3.0.4]
	at org.apache.maven.settings.crypto.DefaultSettingsDecrypter.decrypt(DefaultSettingsDecrypter.java:62) ~[maven-settings-builder-3.0.4.jar:3.0.4]
	at org.eclipse.m2e.core.internal.embedder.MavenImpl.decryptPassword(MavenImpl.java:532) ~[org.eclipse.m2e.core_1.4.0.20130601-0317.jar:na]
	at org.eclipse.m2e.core.internal.repository.RepositoryRegistry.getAuthenticationInfo(RepositoryRegistry.java:214) [org.eclipse.m2e.core_1.4.0.20130601-0317.jar:na]
	at org.eclipse.m2e.core.internal.repository.RepositoryRegistry.updateRegistry(RepositoryRegistry.java:245) [org.eclipse.m2e.core_1.4.0.20130601-0317.jar:na]
	at org.eclipse.m2e.core.internal.repository.RepositoryRegistryUpdateJob.run(RepositoryRegistryUpdateJob.java:47) [org.eclipse.m2e.core_1.4.0.20130601-0317.jar:na]
	at org.eclipse.core.internal.jobs.Worker.run(Worker.java:53) [org.eclipse.core.jobs_3.5.300.v20130429-1813.jar:na]
Caused by: org.sonatype.plexus.components.sec.dispatcher.SecDispatcherException: java.io.FileNotFoundException: /home/matt/.m2/settings-security.xml (No such file or directory)
	at org.sonatype.plexus.components.sec.dispatcher.SecUtil.read(SecUtil.java:69) ~[plexus-sec-dispatcher-1.3.jar:na]
	at org.sonatype.plexus.components.sec.dispatcher.DefaultSecDispatcher.getSec(DefaultSecDispatcher.java:206) ~[plexus-sec-dispatcher-1.3.jar:na]
	at org.sonatype.plexus.components.sec.dispatcher.DefaultSecDispatcher.decrypt(DefaultSecDispatcher.java:90) ~[plexus-sec-dispatcher-1.3.jar:na]
	... 7 common frames omitted
Caused by: java.io.FileNotFoundException: /home/matt/.m2/settings-security.xml (No such file or directory)
	at java.io.FileInputStream.open(Native Method) ~[na:1.7.0_51]
	at java.io.FileInputStream.<init>(FileInputStream.java:146) ~[na:1.7.0_51]
	at org.sonatype.plexus.components.sec.dispatcher.SecUtil.toStream(SecUtil.java:100) ~[plexus-sec-dispatcher-1.3.jar:na]
	at org.sonatype.plexus.components.sec.dispatcher.SecUtil.read(SecUtil.java:56) ~[plexus-sec-dispatcher-1.3.jar:na]
	... 9 common frames omitted
